I, [2015-03-31T09:50:38.265188 #13442]  INFO -- default-centos65: -----> Creating <default-centos65>...
I, [2015-03-31T09:50:39.671300 #13442]  INFO -- default-centos65: Bringing machine 'default' up with 'virtualbox' provider...
I, [2015-03-31T09:50:40.048723 #13442]  INFO -- default-centos65: ==> default: Box '~/tdd/centos65.box' could not be found. Attempting to find and install...
I, [2015-03-31T09:50:40.048852 #13442]  INFO -- default-centos65:     default: Box Provider: virtualbox
I, [2015-03-31T09:50:40.049212 #13442]  INFO -- default-centos65:     default: Box Version: >= 0
I, [2015-03-31T09:50:40.245641 #13442]  INFO -- default-centos65: ==> default: Adding box '~/tdd/centos65.box' (v0) for provider: virtualbox
I, [2015-03-31T09:50:40.248197 #13442]  INFO -- default-centos65:     default: Downloading: file:///Users/jvarghese/tdd/centos65.box
I, [2015-03-31T09:50:43.601382 #13442]  INFO -- default-centos65: [K    default: Progress: 0% (Rate: 0/s, Estimated time remaining: --:--:--)[K    default: Progress: 83% (Rate: 341M/s, Estimated time remaining: --:--:--)[K==> default: Successfully added box '~/tdd/centos65.box' (v0) for 'virtualbox'!
I, [2015-03-31T09:50:43.764591 #13442]  INFO -- default-centos65: ==> default: Importing base box '~/tdd/centos65.box'...
I, [2015-03-31T09:50:49.192511 #13442]  INFO -- default-centos65: [KProgress: 20%[KProgress: 50%[KProgress: 90%[K==> default: Matching MAC address for NAT networking...
I, [2015-03-31T09:50:49.753694 #13442]  INFO -- default-centos65: ==> default: Setting the name of the VM: kitchen-apache-default-centos65_default_1427820649715_4658
I, [2015-03-31T09:50:49.986437 #13442]  INFO -- default-centos65: ==> default: Clearing any previously set network interfaces...
I, [2015-03-31T09:50:50.028931 #13442]  INFO -- default-centos65: ==> default: Preparing network interfaces based on configuration...
I, [2015-03-31T09:50:50.029241 #13442]  INFO -- default-centos65:     default: Adapter 1: nat
I, [2015-03-31T09:50:50.069465 #13442]  INFO -- default-centos65: ==> default: Forwarding ports...
I, [2015-03-31T09:50:50.121904 #13442]  INFO -- default-centos65:     default: 22 => 2222 (adapter 1)
I, [2015-03-31T09:50:50.240426 #13442]  INFO -- default-centos65: ==> default: Booting VM...
I, [2015-03-31T09:50:50.515006 #13442]  INFO -- default-centos65: ==> default: Waiting for machine to boot. This may take a few minutes...
I, [2015-03-31T09:50:50.786494 #13442]  INFO -- default-centos65:     default: SSH address: 127.0.0.1:2222
I, [2015-03-31T09:50:50.786591 #13442]  INFO -- default-centos65:     default: SSH username: vagrant
I, [2015-03-31T09:50:50.786709 #13442]  INFO -- default-centos65:     default: SSH auth method: private key
I, [2015-03-31T09:50:58.456816 #13442]  INFO -- default-centos65:     default: 
I, [2015-03-31T09:50:58.456877 #13442]  INFO -- default-centos65:     default: Vagrant insecure key detected. Vagrant will automatically replace
I, [2015-03-31T09:50:58.456900 #13442]  INFO -- default-centos65:     default: this with a newly generated keypair for better security.
I, [2015-03-31T09:50:58.911345 #13442]  INFO -- default-centos65:     default: 
I, [2015-03-31T09:50:58.911513 #13442]  INFO -- default-centos65:     default: Inserting generated public key within guest...
I, [2015-03-31T09:50:59.037016 #13442]  INFO -- default-centos65:     default: Removing insecure key from the guest if its present...
I, [2015-03-31T09:50:59.134001 #13442]  INFO -- default-centos65:     default: Key inserted! Disconnecting and reconnecting using new SSH key...
I, [2015-03-31T09:50:59.538133 #13442]  INFO -- default-centos65: ==> default: Machine booted and ready!
I, [2015-03-31T09:50:59.538597 #13442]  INFO -- default-centos65: ==> default: Checking for guest additions in VM...
I, [2015-03-31T09:50:59.579128 #13442]  INFO -- default-centos65: ==> default: Setting hostname...
I, [2015-03-31T09:51:04.063638 #13442]  INFO -- default-centos65: ==> default: Machine not provisioning because `--no-provision` is specified.
I, [2015-03-31T09:51:05.409348 #13442]  INFO -- default-centos65: Vagrant instance <default-centos65> created.
I, [2015-03-31T09:51:05.415696 #13442]  INFO -- default-centos65: Finished creating <default-centos65> (0m27.14s).
I, [2015-03-31T09:53:48.803272 #13991]  INFO -- default-centos65: -----> Creating <default-centos65>...
I, [2015-03-31T09:53:49.859120 #13991]  INFO -- default-centos65: Bringing machine 'default' up with 'virtualbox' provider...
I, [2015-03-31T09:53:50.328653 #13991]  INFO -- default-centos65: ==> default: VirtualBox VM is already running.
I, [2015-03-31T09:53:51.644765 #13991]  INFO -- default-centos65: Vagrant instance <default-centos65> created.
I, [2015-03-31T09:53:51.646640 #13991]  INFO -- default-centos65: Finished creating <default-centos65> (0m2.84s).
I, [2015-03-31T09:55:37.382020 #14081]  INFO -- default-centos65: -----> Creating <default-centos65>...
I, [2015-03-31T09:55:38.432552 #14081]  INFO -- default-centos65: Bringing machine 'default' up with 'virtualbox' provider...
I, [2015-03-31T09:55:38.895995 #14081]  INFO -- default-centos65: ==> default: VirtualBox VM is already running.
I, [2015-03-31T09:55:40.217791 #14081]  INFO -- default-centos65: Vagrant instance <default-centos65> created.
I, [2015-03-31T09:55:40.219941 #14081]  INFO -- default-centos65: Finished creating <default-centos65> (0m2.84s).
