I, [2015-03-31T09:50:38.034492 #13442]  INFO -- Kitchen: -----> Starting Kitchen (v1.3.1)
I, [2015-03-31T09:50:38.265127 #13442]  INFO -- Kitchen: -----> Creating <default-centos65>...
I, [2015-03-31T09:51:05.415939 #13442]  INFO -- Kitchen: -----> Kitchen is finished. (0m27.38s)
I, [2015-03-31T09:53:48.570754 #13991]  INFO -- Kitchen: -----> Starting Kitchen (v1.3.1)
I, [2015-03-31T09:53:48.803211 #13991]  INFO -- Kitchen: -----> Creating <default-centos65>...
I, [2015-03-31T09:53:51.646817 #13991]  INFO -- Kitchen: -----> Kitchen is finished. (0m3.08s)
I, [2015-03-31T09:55:37.150159 #14081]  INFO -- Kitchen: -----> Starting Kitchen (v1.3.1)
I, [2015-03-31T09:55:37.381967 #14081]  INFO -- Kitchen: -----> Creating <default-centos65>...
I, [2015-03-31T09:55:40.220132 #14081]  INFO -- Kitchen: -----> Kitchen is finished. (0m3.07s)
I, [2015-03-31T09:59:36.386216 #14587]  INFO -- Kitchen: -----> Starting Kitchen (v1.3.1)
E, [2015-03-31T09:59:36.610452 #14587] ERROR -- Kitchen: 
No instances for regex `help', try running `kitchen list'


I, [2015-03-31T10:03:04.004684 #14743]  INFO -- Kitchen: -----> Starting Kitchen (v1.3.1)
I, [2015-03-31T10:03:04.232501 #14743]  INFO -- Kitchen: -----> Destroying <default-centos65>...
I, [2015-03-31T10:03:07.443100 #14743]  INFO -- Kitchen: -----> Kitchen is finished. (0m3.44s)
I, [2015-03-31T10:03:33.353286 #14820]  INFO -- Kitchen: -----> Starting Kitchen (v1.3.1)
I, [2015-03-31T10:03:33.577239 #14820]  INFO -- Kitchen: -----> Creating <default-centos65>...
I, [2015-03-31T10:04:01.362422 #14820]  INFO -- Kitchen: -----> Kitchen is finished. (0m28.01s)
I, [2015-03-31T10:04:05.816322 #14956]  INFO -- Kitchen: -----> Starting Kitchen (v1.3.1)
I, [2015-03-31T10:04:06.048351 #14956]  INFO -- Kitchen: -----> Destroying <default-centos65>...
I, [2015-03-31T10:04:09.298600 #14956]  INFO -- Kitchen: -----> Kitchen is finished. (0m3.48s)
I, [2015-03-31T10:04:15.257784 #15037]  INFO -- Kitchen: -----> Starting Kitchen (v1.3.1)
I, [2015-03-31T10:04:15.482737 #15037]  INFO -- Kitchen: -----> Creating <default-centos65>...
I, [2015-03-31T10:04:45.176938 #15037]  INFO -- Kitchen: -----> Converging <default-centos65>...
E, [2015-03-31T10:07:36.866048 #15037] ERROR -- Kitchen: Converge failed on instance <default-centos65>.
I, [2015-03-31T10:09:41.802109 #15270]  INFO -- Kitchen: -----> Starting Kitchen (v1.3.1)
I, [2015-03-31T10:09:42.025519 #15270]  INFO -- Kitchen: -----> Converging <default-centos65>...
E, [2015-03-31T10:09:50.978863 #15270] ERROR -- Kitchen: Converge failed on instance <default-centos65>.
I, [2015-03-31T10:12:38.783304 #15320]  INFO -- Kitchen: -----> Starting Kitchen (v1.3.1)
I, [2015-03-31T10:12:39.007296 #15320]  INFO -- Kitchen: -----> Converging <default-centos65>...
E, [2015-03-31T10:12:45.939534 #15320] ERROR -- Kitchen: Converge failed on instance <default-centos65>.
I, [2015-03-31T10:14:17.849013 #15568]  INFO -- Kitchen: -----> Starting Kitchen (v1.3.1)
I, [2015-03-31T10:14:18.076994 #15568]  INFO -- Kitchen: -----> Converging <default-centos65>...
I, [2015-03-31T10:14:28.280034 #15568]  INFO -- Kitchen: -----> Kitchen is finished. (0m10.43s)
I, [2015-03-31T10:26:28.460040 #15990]  INFO -- Kitchen: -----> Starting Kitchen (v1.3.1)
I, [2015-03-31T10:26:28.681784 #15990]  INFO -- Kitchen: -----> Destroying <default-centos65>...
I, [2015-03-31T10:26:32.383333 #15990]  INFO -- Kitchen: -----> Kitchen is finished. (0m3.92s)
I, [2015-03-31T10:26:46.021460 #16068]  INFO -- Kitchen: -----> Starting Kitchen (v1.3.1)
I, [2015-03-31T10:26:46.252898 #16068]  INFO -- Kitchen: -----> Creating <default-centos65>...
I, [2015-03-31T10:27:16.796506 #16068]  INFO -- Kitchen: -----> Converging <default-centos65>...
I, [2015-03-31T10:32:56.050895 #16068]  INFO -- Kitchen: -----> Kitchen is finished. (6m10.03s)
I, [2015-03-31T10:48:55.380475 #16775]  INFO -- Kitchen: -----> Starting Kitchen (v1.3.1)
I, [2015-03-31T10:48:55.605526 #16775]  INFO -- Kitchen: -----> Destroying <default-centos65>...
I, [2015-03-31T10:48:59.222304 #16775]  INFO -- Kitchen: -----> Kitchen is finished. (0m3.84s)
I, [2015-03-31T10:49:10.906163 #16853]  INFO -- Kitchen: -----> Starting Kitchen (v1.3.1)
I, [2015-03-31T10:49:11.133140 #16853]  INFO -- Kitchen: -----> Creating <default-centos65>...
I, [2015-03-31T10:50:32.838672 #16956]  INFO -- Kitchen: -----> Starting Kitchen (v1.3.1)
I, [2015-03-31T10:50:33.064254 #16956]  INFO -- Kitchen: -----> Destroying <default-centos65>...
I, [2015-03-31T10:50:33.065471 #16956]  INFO -- Kitchen: -----> Kitchen is finished. (0m0.23s)
I, [2015-03-31T10:50:36.649489 #17004]  INFO -- Kitchen: -----> Starting Kitchen (v1.3.1)
I, [2015-03-31T10:50:36.876805 #17004]  INFO -- Kitchen: -----> Creating <default-centos65>...
I, [2015-03-31T10:50:39.784629 #17004]  INFO -- Kitchen: -----> Converging <default-centos65>...
E, [2015-03-31T10:52:44.360382 #17004] ERROR -- Kitchen: Converge failed on instance <default-centos65>.
I, [2015-03-31T10:52:51.042679 #17093]  INFO -- Kitchen: -----> Starting Kitchen (v1.3.1)
I, [2015-03-31T10:52:51.268842 #17093]  INFO -- Kitchen: -----> Destroying <default-centos65>...
I, [2015-03-31T10:52:54.483728 #17093]  INFO -- Kitchen: -----> Kitchen is finished. (0m3.44s)
I, [2015-03-31T10:52:57.192024 #17171]  INFO -- Kitchen: -----> Starting Kitchen (v1.3.1)
I, [2015-03-31T10:52:57.419856 #17171]  INFO -- Kitchen: -----> Creating <default-centos65>...
I, [2015-03-31T10:53:26.221481 #17171]  INFO -- Kitchen: -----> Converging <default-centos65>...
I, [2015-03-31T10:55:42.858084 #17171]  INFO -- Kitchen: -----> Kitchen is finished. (2m45.67s)
